\BOOKMARK [1][-]{section.1}{\376\377\006\105\006\102\006\057\006\105\006\107}{}% 1
\BOOKMARK [1][-]{section.2}{\376\377\006\176\006\314\006\064\006\106\006\314\006\047\006\062\006\107\006\047}{}% 2
\BOOKMARK [2][-]{subsection.2.1}{\376\377\006\251\006\106\006\052\006\061\006\104\000\040\006\105\006\106\006\050\006\071\000\040\006\057\006\061\000\040\006\105\006\102\006\047\006\050\006\104\000\040\006\251\006\106\006\052\006\061\006\104\000\040\006\106\006\063\006\056\006\107}{section.2}% 3
\BOOKMARK [2][-]{subsection.2.2}{\376\377\006\251\006\106\006\052\006\061\006\104\000\040\006\105\006\106\006\050\006\071\000\040\006\057\006\061\000\040\006\105\006\102\006\047\006\050\006\104\000\040\006\105\006\057\006\314\006\061\006\314\006\052\000\040\006\251\006\057\000\040\006\105\006\106\006\050\006\071}{section.2}% 4
\BOOKMARK [1][-]{section.3}{\376\377\006\063\006\314\006\063\006\052\006\105\000\040\006\107\006\047\006\314\000\040\006\105\006\057\006\314\006\061\006\314\006\052\000\040\006\251\006\057\000\040\006\105\006\106\006\050\006\071\000\050\000\040\000S\000o\000u\000r\000c\000e\000\040\000C\000o\000d\000e\000\040\000M\000a\000n\000a\000g\000e\000m\000e\000n\000t\000\040\000S\000y\000s\000t\000e\000m\000s\000\051\000\040}{}% 5
\BOOKMARK [2][-]{subsection.3.1}{\376\377\006\050\006\061\006\061\006\063\006\314\000\040\006\047\006\054\006\105\006\047\006\104\006\314\000\040\006\063\006\314\006\063\006\052\006\105\040\014\006\107\006\047\006\314\000\040\000S\000C\000M\000\040}{section.3}% 6
\BOOKMARK [2][-]{subsection.3.2}{\376\377\006\063\006\314\006\063\006\052\006\105\000\040\040\014\006\107\006\047\006\314\000\040\000S\000C\000M\000\040\006\057\006\061\000\040\006\104\006\110\006\104\006\107\000\040\040\014\006\251\006\064\006\314\000\040\000D\000e\000v\000O\000p\000s\000\040}{section.3}% 7
\BOOKMARK [2][-]{subsection.3.3}{\376\377\006\055\006\105\006\104\006\047\006\052\000\040\006\062\006\106\006\054\006\314\006\061\006\107\000\040\006\052\006\047\006\105\006\314\006\106\000\040\006\106\006\061\006\105\040\014\006\047\006\101\006\062\006\047\006\061}{section.3}% 8
\BOOKMARK [2][-]{subsection.3.4}{\376\377\006\055\006\061\006\251\006\052\000\040\006\054\006\047\006\106\006\050\006\314\000\040\006\050\006\107\000\040\006\063\006\047\006\314\006\061\000\040\006\063\006\314\006\063\006\052\006\105\040\014\006\107\006\047\006\314\000\040\000D\000e\000v\000O\000p\000s\000\040}{section.3}% 9
\BOOKMARK [1][-]{section.4}{\376\377\000\040\000G\000i\000t\000h\000u\000b\000\040\000E\000n\000t\000e\000r\000p\000r\000i\000s\000e\000\040}{}% 10
\BOOKMARK [2][-]{subsection.4.1}{\376\377\006\063\006\067\006\110\006\055\000\040\006\057\006\063\006\052\006\061\006\063\006\314\000\040\006\110\000\040\006\106\006\102\006\064\040\014\006\107\006\047}{section.4}% 11
\BOOKMARK [2][-]{subsection.4.2}{\376\377\006\106\006\102\006\064\040\014\000\040\006\107\006\047\006\314\000\040\006\063\006\047\006\062\006\105\006\047\006\106}{section.4}% 12
\BOOKMARK [2][-]{subsection.4.3}{\376\377\006\106\006\102\006\064\040\014\006\107\006\047\006\314\000\040\006\105\006\056\006\062\006\106}{section.4}% 13
\BOOKMARK [2][-]{subsection.4.4}{\376\377\006\057\006\047\006\105\006\106\006\107\000\040\006\057\006\063\006\052\006\061\006\063\006\314\000\040\006\052\006\110\006\251\006\106\040\014\006\107\006\047}{section.4}% 14
\BOOKMARK [2][-]{subsection.4.5}{\376\377\006\102\006\047\006\050\006\104\006\314\006\052\040\014\006\107\006\047\006\314\000\040\000A\000P\000I}{section.4}% 15
\BOOKMARK [1][-]{section.5}{\376\377\000G\000i\000t\000L\000a\000b\000\040\000E\000n\000t\000e\000r\000p\000r\000i\000s\000e}{}% 16
\BOOKMARK [2][-]{subsection.5.1}{\376\377\006\047\006\065\006\067\006\104\006\047\006\055\006\047\006\052}{section.5}% 17
\BOOKMARK [2][-]{subsection.5.2}{\376\377\006\105\006\057\006\104\000\040\006\110\000\040\006\063\006\067\006\110\006\055\000\040\006\057\006\063\006\052\006\061\006\063\006\314}{section.5}% 18
\BOOKMARK [2][-]{subsection.5.3}{\376\377\006\057\006\047\006\105\006\106\006\107\000\040\040\014\006\107\006\047\006\314\000\040\006\052\006\110\006\251\006\106\000\040\006\057\006\063\006\052\006\061\006\063\006\314}{section.5}% 19
\BOOKMARK [2][-]{subsection.5.4}{\376\377\006\102\006\047\006\050\006\104\006\314\006\052\000\040\040\014\006\107\006\047\006\314\000\040\000A\000P\000I\000\040}{section.5}% 20
\BOOKMARK [1][-]{section.6}{\376\377\000B\000i\000t\000b\000u\000c\000k\000e\000t}{}% 21
\BOOKMARK [2][-]{subsection.6.1}{\376\377\006\105\006\057\006\104\000\040\006\110\000\040\006\063\006\067\006\110\006\055\000\040\006\057\006\063\006\052\006\061\006\063\006\314}{section.6}% 22
\BOOKMARK [1][-]{section.7}{\376\377\000S\000C\000M\000K\000i\000t}{}% 23
\BOOKMARK [1][-]{section.8}{\376\377\006\105\006\104\006\047\006\055\006\070\006\047\006\052\000\040\006\057\006\101\006\047\006\071\006\314}{}% 24
\BOOKMARK [1][-]{section.9}{\376\377\006\106\006\052\006\314\006\054\006\107\000\040\006\257\006\314\006\061\006\314}{}% 25
